/ # insmod tlets.ko 
[ 2487.154240] TL timer module loaded.
/ # [ 2488.154248] ---------------
[ 2488.157197] TASKLET-HI
[ 2488.159664] TASKLET-NR-0
[ 2488.162312] TASKLET-NR-1
[ 2488.164958] TASKLET-NR-2
[ 2488.167605] TASKLET-NR-3
[ 2489.154236] ---------------
[ 2489.157166] TASKLET-HI
[ 2489.159632] TASKLET-NR-0
[ 2489.162280] TASKLET-NR-1
[ 2489.164926] TASKLET-NR-2
[ 2489.167573] TASKLET-NR-3
[ 2490.154240] ---------------
[ 2490.157175] TASKLET-HI
[ 2490.159642] TASKLET-NR-0
[ 2490.162288] TASKLET-NR-1
[ 2490.164934] TASKLET-NR-2
[ 2490.167581] TASKLET-NR-3
[ 2491.154236] ---------------
[ 2491.157165] TASKLET-HI
[ 2491.159631] TASKLET-NR-0
[ 2491.162277] TASKLET-NR-1
[ 2491.164924] TASKLET-NR-2
[ 2491.167570] TASKLET-NR-3
/ # clear[ 2492.154242] ---------------
[ 2492.157178] TASKLET-HI
[ 2492.159644] TASKLET-NR-0
[ 2492.162290] TASKLET-NR-1
[ 2492.164937] TASKLET-NR-2
[ 2492.167583] TASKLET-NR-3
/ # rmmod tlets.ko 
[ 2493.007866] HR timer module unloaded.
/ # 
